\BOOKMARK [0][-]{chapter.1}{\376\377\000I\000n\000t\000r\000o\000d\000u\000c\000t\000i\000o\000n}{}% 1
\BOOKMARK [0][-]{chapter.2}{\376\377\000E\000r\000r\000o\000r\000\040\000C\000o\000r\000r\000e\000c\000t\000i\000o\000n\000:\000\040\000A\000n\000\040\000I\000n\000t\000r\000o\000d\000u\000c\000t\000i\000o\000n}{}% 2
\BOOKMARK [1][-]{section.2.1}{\376\377\000T\000h\000e\000\040\000C\000l\000a\000s\000s\000i\000c\000a\000l\000\040\000B\000i\000t\000-\000F\000l\000i\000p}{chapter.2}% 3
\BOOKMARK [1][-]{section.2.2}{\376\377\000T\000h\000e\000\040\000Q\000u\000a\000n\000t\000u\000m\000\040\000B\000i\000t\000-\000F\000l\000i\000p}{chapter.2}% 4
\BOOKMARK [1][-]{section.2.3}{\376\377\000Q\000u\000a\000n\000t\000u\000m\000\040\000N\000o\000i\000s\000e}{chapter.2}% 5
\BOOKMARK [2][-]{subsection.2.3.1}{\376\377\000Q\000u\000a\000n\000t\000u\000m\000\040\000O\000p\000e\000r\000a\000t\000i\000o\000n\000s}{section.2.3}% 6
\BOOKMARK [2][-]{subsection.2.3.2}{\376\377\000O\000p\000e\000r\000a\000t\000o\000r\000-\000S\000u\000m\000\040\000R\000e\000p\000r\000e\000s\000e\000n\000t\000a\000t\000i\000o\000n}{section.2.3}% 7
\BOOKMARK [2][-]{subsection.2.3.3}{\376\377\000A\000x\000i\000o\000m\000a\000t\000i\000s\000a\000t\000i\000o\000n}{section.2.3}% 8
\BOOKMARK [1][-]{section.2.4}{\376\377\000G\000e\000n\000e\000r\000a\000l\000\040\000T\000h\000e\000o\000r\000y\000\040\000o\000f\000\040\000E\000r\000r\000o\000r\000\040\000C\000o\000r\000r\000e\000c\000t\000i\000o\000n}{chapter.2}% 9
\BOOKMARK [1][-]{section.2.5}{\376\377\000Q\000u\000a\000n\000t\000u\000m\000\040\000E\000r\000a\000s\000u\000r\000e}{chapter.2}% 10
\BOOKMARK [0][-]{chapter.3}{\376\377\000H\000o\000l\000o\000g\000r\000a\000p\000h\000i\000c\000\040\000E\000r\000r\000o\000r\000\040\000C\000o\000r\000r\000e\000c\000t\000i\000o\000n}{}% 11
\BOOKMARK [1][-]{section.3.1}{\376\377\000C\000o\000n\000v\000e\000n\000t\000i\000o\000n\000a\000l\000\040\000E\000r\000a\000s\000u\000r\000e\000\040\000C\000o\000r\000r\000e\000c\000t\000i\000o\000n}{chapter.3}% 12
\BOOKMARK [1][-]{section.3.2}{\376\377\000S\000u\000b\000s\000y\000s\000t\000e\000m\000\040\000E\000r\000r\000o\000r\000\040\000C\000o\000r\000r\000e\000c\000t\000i\000o\000n}{chapter.3}% 13
\BOOKMARK [1][-]{section.3.3}{\376\377\000O\000p\000e\000r\000a\000t\000o\000r\000\040\000A\000l\000g\000e\000b\000r\000a\000\040\000E\000r\000r\000o\000r\000\040\000C\000o\000r\000r\000e\000c\000t\000i\000o\000n}{chapter.3}% 14
\BOOKMARK [2][-]{subsection.3.3.1}{\376\377\000v\000o\000n\000\040\000N\000e\000u\000m\000a\000n\000n\000\040\000A\000l\000g\000e\000b\000r\000a\000s}{section.3.3}% 15
\BOOKMARK [2][-]{subsection.3.3.2}{\376\377\000C\000l\000a\000s\000s\000i\000f\000i\000c\000a\000t\000i\000o\000n\000\040\000o\000f\000\040\000v\000o\000n\000\040\000N\000e\000u\000m\000a\000n\000n\000\040\000A\000l\000g\000e\000b\000r\000a\000s}{section.3.3}% 16
\BOOKMARK [2][-]{subsection.3.3.3}{\376\377\000A\000l\000g\000e\000b\000r\000a\000i\000c\000\040\000S\000t\000a\000t\000e\000s\000\040\000a\000n\000d\000\040\000E\000n\000t\000r\000o\000p\000y}{section.3.3}% 17
\BOOKMARK [1][-]{section.3.4}{\376\377\000O\000p\000e\000r\000a\000t\000o\000r\000-\000A\000l\000g\000e\000b\000r\000a\000\040\000E\000r\000r\000o\000r\000\040\000C\000o\000r\000r\000e\000c\000t\000i\000o\000n}{chapter.3}% 18
\BOOKMARK [1][-]{section.3.5}{\376\377\000H\000o\000l\000o\000g\000r\000a\000p\000h\000i\000c\000\040\000P\000r\000o\000p\000e\000r\000t\000i\000e\000s\000\040\000o\000f\000\040\000E\000r\000a\000s\000u\000r\000e\000\040\000C\000o\000d\000e\000s}{chapter.3}% 19
\BOOKMARK [0][-]{chapter.4}{\376\377\000E\000x\000a\000m\000p\000l\000e\000s}{}% 20
\BOOKMARK [1][-]{section.4.1}{\376\377\000C\000o\000d\000e\000s\000\040\000w\000i\000t\000h\000\040\000o\000n\000e\000\040\000t\000e\000r\000m}{chapter.4}% 21
\BOOKMARK [1][-]{section.4.2}{\376\377\000C\000o\000d\000e\000s\000\040\000w\000i\000t\000h\000\040\000t\000w\000o\000\040\000t\000e\000r\000m\000s}{chapter.4}% 22
\BOOKMARK [1][-]{section.4.3}{\376\377\000A\000\040\000C\000o\000m\000p\000l\000e\000t\000e\000\040\000E\000x\000a\000m\000p\000l\000e}{chapter.4}% 23
\BOOKMARK [0][-]{chapter.5}{\376\377\000C\000o\000n\000c\000l\000u\000s\000i\000o\000n\000s}{}% 24
\BOOKMARK [0][-]{appendix.A}{\376\377\000Q\000u\000a\000n\000t\000u\000m\000\040\000I\000n\000f\000o\000r\000m\000a\000t\000i\000o\000n\000\040\000a\000n\000d\000\040\000E\000n\000t\000r\000o\000p\000y}{}% 25
\BOOKMARK [1][-]{section.A.1}{\376\377\000C\000l\000a\000s\000s\000i\000c\000a\000l\000\040\000I\000n\000f\000o\000r\000m\000a\000t\000i\000o\000n}{appendix.A}% 26
\BOOKMARK [2][-]{subsection.A.1.1}{\376\377\000S\000h\000a\000n\000n\000o\000n\000\040\000E\000n\000t\000r\000o\000p\000y}{section.A.1}% 27
\BOOKMARK [2][-]{subsection.A.1.2}{\376\377\000R\000e\000l\000a\000t\000i\000v\000e\000\040\000E\000n\000t\000r\000o\000p\000y}{section.A.1}% 28
\BOOKMARK [1][-]{section.A.2}{\376\377\000Q\000u\000a\000n\000t\000u\000m\000\040\000I\000n\000f\000o\000r\000m\000a\000t\000i\000o\000n}{appendix.A}% 29
\BOOKMARK [2][-]{subsection.A.2.1}{\376\377\000v\000o\000n\000\040\000N\000e\000u\000m\000a\000n\000n\000\040\000E\000n\000t\000r\000o\000p\000y}{section.A.2}% 30
\BOOKMARK [2][-]{subsection.A.2.2}{\376\377\000R\000e\000l\000a\000t\000i\000v\000e\000\040\000E\000n\000t\000r\000o\000p\000y}{section.A.2}% 31
\BOOKMARK [2][-]{subsection.A.2.3}{\376\377\000P\000r\000o\000p\000e\000r\000t\000i\000e\000s\000\040\000o\000f\000\040\000v\000o\000n\000\040\000N\000e\000u\000m\000a\000n\000n\000\040\000E\000n\000t\000r\000o\000p\000y}{section.A.2}% 32
\BOOKMARK [2][-]{subsection.A.2.4}{\376\377\000E\000n\000t\000r\000o\000p\000y\000\040\000a\000s\000\040\000a\000\040\000M\000e\000a\000s\000u\000r\000e\000\040\000o\000f\000\040\000E\000n\000t\000a\000n\000g\000l\000e\000m\000e\000n\000t}{section.A.2}% 33
\BOOKMARK [0][-]{appendix.B}{\376\377\000Q\000u\000a\000n\000t\000u\000m\000\040\000C\000i\000r\000c\000u\000i\000t\000\040\000N\000o\000t\000a\000t\000i\000o\000n}{}% 34
\BOOKMARK [1][-]{section.B.1}{\376\377\000Q\000u\000a\000n\000t\000u\000m\000\040\000G\000a\000t\000e\000s}{appendix.B}% 35
\BOOKMARK [1][-]{section.B.2}{\376\377\000Q\000u\000a\000n\000t\000u\000m\000\040\000C\000i\000r\000c\000u\000i\000t\000s}{appendix.B}% 36
